# JRE version: OpenJDK Runtime Environment Temurin-17.0.13+11 (17.0.13+11) (build 17.0.13+11)
# Java VM: OpenJDK 64-Bit Server VM Temurin-17.0.13+11 (17.0.13+11, mixed mode, sharing, tiered, compressed oops, compressed class ptrs, g1 gc, windows-amd64)
GC Precious Log:
 CPUs: 12 total, 12 available
 Memory: 7524M
 Large Page Support: Disabled
 NUMA Support: Disabled
 Compressed Oops: Enabled (Zero based)
 Heap Region Size: 2M
 Heap Min Capacity: 8M
 Heap Initial Capacity: 118M
 Heap Max Capacity: 4G
 Pre-touch: Disabled
 Parallel Workers: 10
 Concurrent Workers: 3
 Concurrent Refinement Workers: 10
 Periodic GC: Disabled
Heap:
 garbage-first heap   total 233472K, used 128397K [0x0000000700000000, 0x0000000800000000)
  region size 2048K, 2 young (4096K), 1 survivors (2048K)
 Metaspace       used 82356K, committed 83328K, reserved 1179648K
  class space    used 11520K, committed 11968K, reserved 1048576K
GC Heap History (20 events):
Event: 34.456 GC heap before
{Heap before GC invocations=30 (full 0):
 garbage-first heap   total 167936K, used 121810K [0x0000000700000000, 0x0000000800000000)
  region size 2048K, 18 young (36864K), 1 survivors (2048K)
 Metaspace       used 69253K, committed 70144K, reserved 1114112K
  class space    used 9755K, committed 10176K, reserved 1048576K
}
Event: 34.459 GC heap after
{Heap after GC invocations=31 (full 0):
 garbage-first heap   total 167936K, used 92641K [0x0000000700000000, 0x0000000800000000)
  region size 2048K, 3 young (6144K), 3 survivors (6144K)
 Metaspace       used 69253K, committed 70144K, reserved 1114112K
  class space    used 9755K, committed 10176K, reserved 1048576K
}
Event: 35.249 GC heap before
{Heap before GC invocations=31 (full 0):
 garbage-first heap   total 167936K, used 127457K [0x0000000700000000, 0x0000000800000000)
  region size 2048K, 20 young (40960K), 3 survivors (6144K)
 Metaspace       used 71677K, committed 72576K, reserved 1114112K
  class space    used 10064K, committed 10496K, reserved 1048576K
}
Event: 35.275 GC heap after
{Heap after GC invocations=32 (full 0):
 garbage-first heap   total 167936K, used 94720K [0x0000000700000000, 0x0000000800000000)
  region size 2048K, 2 young (4096K), 2 survivors (4096K)
 Metaspace       used 71677K, committed 72576K, reserved 1114112K
  class space    used 10064K, committed 10496K, reserved 1048576K
}
Event: 36.567 GC heap before
{Heap before GC invocations=33 (full 0):
 garbage-first heap   total 167936K, used 127488K [0x0000000700000000, 0x0000000800000000)
  region size 2048K, 18 young (36864K), 2 survivors (4096K)
 Metaspace       used 74673K, committed 75520K, reserved 1114112K
  class space    used 10471K, committed 10880K, reserved 1048576K
}
Event: 36.570 GC heap after
{Heap after GC invocations=34 (full 0):
 garbage-first heap   total 167936K, used 95903K [0x0000000700000000, 0x0000000800000000)
  region size 2048K, 2 young (4096K), 2 survivors (4096K)
 Metaspace       used 74673K, committed 75520K, reserved 1114112K
  class space    used 10471K, committed 10880K, reserved 1048576K
}
Event: 37.106 GC heap before
{Heap before GC invocations=34 (full 0):
 garbage-first heap   total 167936K, used 130719K [0x0000000700000000, 0x0000000800000000)
  region size 2048K, 19 young (38912K), 2 survivors (4096K)
 Metaspace       used 77057K, committed 77888K, reserved 1179648K
  class space    used 10773K, committed 11200K, reserved 1048576K
}
Event: 37.110 GC heap after
{Heap after GC invocations=35 (full 0):
 garbage-first heap   total 167936K, used 97308K [0x0000000700000000, 0x0000000800000000)
  region size 2048K, 2 young (4096K), 2 survivors (4096K)
 Metaspace       used 77057K, committed 77888K, reserved 1179648K
  class space    used 10773K, committed 11200K, reserved 1048576K
}
Event: 37.585 GC heap before
{Heap before GC invocations=36 (full 0):
 garbage-first heap   total 182272K, used 138268K [0x0000000700000000, 0x0000000800000000)
  region size 2048K, 20 young (40960K), 2 survivors (4096K)
 Metaspace       used 78384K, committed 79296K, reserved 1179648K
  class space    used 10999K, committed 11456K, reserved 1048576K
}
Event: 37.592 GC heap after
{Heap after GC invocations=37 (full 0):
 garbage-first heap   total 182272K, used 104235K [0x0000000700000000, 0x0000000800000000)
  region size 2048K, 3 young (6144K), 3 survivors (6144K)
 Metaspace       used 78384K, committed 79296K, reserved 1179648K
  class space    used 10999K, committed 11456K, reserved 1048576K
}
Event: 37.607 GC heap before
{Heap before GC invocations=37 (full 0):
 garbage-first heap   total 182272K, used 106283K [0x0000000700000000, 0x0000000800000000)
  region size 2048K, 4 young (8192K), 3 survivors (6144K)
 Metaspace       used 78409K, committed 79360K, reserved 1179648K
  class space    used 11005K, committed 11456K, reserved 1048576K
}
Event: 37.614 GC heap after
{Heap after GC invocations=38 (full 0):
 garbage-first heap   total 219136K, used 103677K [0x0000000700000000, 0x0000000800000000)
  region size 2048K, 1 young (2048K), 1 survivors (2048K)
 Metaspace       used 78409K, committed 79360K, reserved 1179648K
  class space    used 11005K, committed 11456K, reserved 1048576K
}
Event: 39.670 GC heap before
{Heap before GC invocations=38 (full 0):
 garbage-first heap   total 219136K, used 173309K [0x0000000700000000, 0x0000000800000000)
  region size 2048K, 35 young (71680K), 1 survivors (2048K)
 Metaspace       used 79028K, committed 80000K, reserved 1179648K
  class space    used 11073K, committed 11520K, reserved 1048576K
}
Event: 39.687 GC heap after
{Heap after GC invocations=39 (full 0):
 garbage-first heap   total 219136K, used 108631K [0x0000000700000000, 0x0000000800000000)
  region size 2048K, 3 young (6144K), 3 survivors (6144K)
 Metaspace       used 79028K, committed 80000K, reserved 1179648K
  class space    used 11073K, committed 11520K, reserved 1048576K
}
Event: 39.919 GC heap before
{Heap before GC invocations=40 (full 0):
 garbage-first heap   total 233472K, used 172119K [0x0000000700000000, 0x0000000800000000)
  region size 2048K, 35 young (71680K), 3 survivors (6144K)
 Metaspace       used 79040K, committed 80000K, reserved 1179648K
  class space    used 11073K, committed 11520K, reserved 1048576K
}
Event: 39.941 GC heap after
{Heap after GC invocations=41 (full 0):
 garbage-first heap   total 233472K, used 110848K [0x0000000700000000, 0x0000000800000000)
  region size 2048K, 2 young (4096K), 2 survivors (4096K)
 Metaspace       used 79040K, committed 80000K, reserved 1179648K
  class space    used 11073K, committed 11520K, reserved 1048576K
}
Event: 39.954 GC heap before
{Heap before GC invocations=41 (full 0):
 garbage-first heap   total 233472K, used 114944K [0x0000000700000000, 0x0000000800000000)
  region size 2048K, 5 young (10240K), 2 survivors (4096K)
 Metaspace       used 79040K, committed 80000K, reserved 1179648K
  class space    used 11073K, committed 11520K, reserved 1048576K
}
Event: 39.957 GC heap after
{Heap after GC invocations=42 (full 0):
 garbage-first heap   total 233472K, used 110211K [0x0000000700000000, 0x0000000800000000)
  region size 2048K, 1 young (2048K), 1 survivors (2048K)
 Metaspace       used 79040K, committed 80000K, reserved 1179648K
  class space    used 11073K, committed 11520K, reserved 1048576K
}
Event: 40.966 GC heap before
{Heap before GC invocations=42 (full 0):
 garbage-first heap   total 233472K, used 192131K [0x0000000700000000, 0x0000000800000000)
  region size 2048K, 39 young (79872K), 1 survivors (2048K)
 Metaspace       used 80792K, committed 81792K, reserved 1179648K
  class space    used 11303K, committed 11776K, reserved 1048576K
}
Event: 40.972 GC heap after
{Heap after GC invocations=43 (full 0):
 garbage-first heap   total 233472K, used 125619K [0x0000000700000000, 0x0000000800000000)
  region size 2048K, 5 young (10240K), 5 survivors (10240K)
 Metaspace       used 80792K, committed 81792K, reserved 1179648K
  class space    used 11303K, committed 11776K, reserved 1048576K
}

